<html xmlns:math="http://exslt.org/math" xmlns:testng="http://testng.org">
   <head>
      <title>TestNG Results</title>
      <meta http-equiv="content-type" content="text/html; charset=utf-8"></meta>
      <meta http-equiv="pragma" content="no-cache"></meta>
      <meta http-equiv="cache-control" content="max-age=0"></meta>
      <meta http-equiv="cache-control" content="no-cache"></meta>
      <meta http-equiv="cache-control" content="no-store"></meta>
      <LINK rel="stylesheet" href="style.css"></LINK>
      <script type="text/javascript" src="main.js"></script>
   </head>
   <body>
      <table width="100%" style="font-size: 16px; margin-bottom: 10px;" cellspacing="1">
         <tr>
            <td width="100%">
               Test case
               
               <b>LoginToTheApplication_AndVerifyNavigationTo_ItemsinWork</b>
            </td>
            <td style="background-color: #FFBBBB; padding: 3px 3px 3px 0;" align="center">
               <div style="width: 50px;">1</div>
            </td>
            <td style="background-color: lightgreen; padding: 3px 3px 3px 0;" align="center">
               <div style="width: 50px;">0</div>
            </td>
            <td style="background-color: #FFFFBB; padding: 3px 3px 3px 0;" align="center">
               <div style="width: 50px;">1</div>
            </td>
            <td align="center" style="background-color: #eaf0f7; padding: 3px 3px 3px 0;">
               <div style="width: 50px;">2</div>
            </td>
            <td align="center"
                style="font-weight: bold; background-color: #eaf0f7; padding: 3px 3px 3px 0;">
               <div style="width: 50px;">0%</div>
            </td>
            <td style="background-color: #eaf0f7; padding: 3px 3px 3px 0;" align="center"
                nowrap="true">24s
               
            </td>
         </tr>
      </table>
      <div style="width: 200px;">
         <label for="groupMethodsCheckBox" style="font-weight: bold; margin: 0;">
            <input id="groupMethodsCheckBox" type="checkbox" onclick="switchTestMethodsView(this)"></input>
            Group by class
            
         </label>
         <br></br>
         <label for="methodsFilter_ALL" style="font-weight: bold; margin: 0;">
            <input id="methodsFilter_ALL" type="checkbox"
                   onclick="testMethodsFilterChanged(this, 'ALL')"></input>
            All
            
         </label>
      </div>
      <label for="methodsFilter_FAIL" style="margin-left: 20px;">
         <input id="methodsFilter_FAIL" type="checkbox"
                onclick="testMethodsFilterChanged(this, 'FAIL')"
                checked=""></input>
         Failed
         
      </label>
      <label for="methodsFilter_PASS">
         <input id="methodsFilter_PASS" type="checkbox"
                onclick="testMethodsFilterChanged(this, 'PASS')"
                checked=""></input>
         Passed
         
      </label>
      <label for="methodsFilter_SKIP">
         <input id="methodsFilter_SKIP" type="checkbox"
                onclick="testMethodsFilterChanged(this, 'SKIP')"
                checked=""></input>
         Skipped
         
      </label>
      <label for="methodsFilter_CONF">
         <input id="methodsFilter_CONF" type="checkbox"
                onclick="testMethodsFilterChanged(this, 'CONF')"></input>
         Config
         
      </label>
      <br></br>
      <div id="testMethodsByStatus">
         <table class="testMethodsTable" cellpadding="0" cellspacing="0">
            <tr class="methodsTableHeader">
               <td width="100%">Name</td>
               <td nowrap="true">Started</td>
               <td nowrap="true">Duration</td>
               <td>Exception</td>
            </tr>
            <tr id="com.appium.pom.saraapp.LoginToTheApplication_AndVerifyNavigationTo_ItemsinWork_LoginToTheApplication_AndVerifyNavigationTo_ItemsinWork_byStatus_failed_FAIL1_row"
                class="testMethodStatusFAIL">
               <td width="100%" class="firstMethodCell">
                  <a onclick="toggleDetailsVisibility('com.appium.pom.saraapp.LoginToTheApplication_AndVerifyNavigationTo_ItemsinWork_LoginToTheApplication_AndVerifyNavigationTo_ItemsinWork_byStatus_failed_FAIL1_details')">LoginToTheApplication_AndVerifyNavigationTo_ItemsinWork({Password=Secret1!, Runmode=Y, UserName=SaraAppAutomation@yopmail.com})</a>
               </td>
               <td nowrap="true">16:27:20</td>
               <td nowrap="true" align="right">23s
                  
               </td>
               <td nowrap="true">
                  <a onclick="toggleDetailsVisibility('com.appium.pom.saraapp.LoginToTheApplication_AndVerifyNavigationTo_ItemsinWork_LoginToTheApplication_AndVerifyNavigationTo_ItemsinWork_byStatus_failed_FAIL1_exception')">org.openqa.selenium.WebDriverException: 
                     An unknown server-side error occurred while processing the command. Original error: Could not find a connected Android device.
                     (WARNING: The server did not provide any stacktrace information)
                     Command duration or timeout: 22.60 seconds
                     Build info: version: '2.52.0', revision: '4c2593c', time: '2016-02-11 19:06:42'
                     System info: host: 'sarath-1928.local', ip: '192.168.1.243', os.name: 'Mac OS X', os.arch: 'x86_64', os.version: '10.10.5',
                     java.version: '1.7.0_71'
                     Driver info: io.appium.java_client.android.AndroidDriver
                     
                  </a>
                   
                  
               </td>
            </tr>
            <tr>
               <td colspan="4" class="detailsBox">
                  <div id="com.appium.pom.saraapp.LoginToTheApplication_AndVerifyNavigationTo_ItemsinWork_LoginToTheApplication_AndVerifyNavigationTo_ItemsinWork_byStatus_failed_FAIL1_details"
                       class="testMethodDetails">
                     <div>
                        <b>Name: </b>LoginToTheApplication_AndVerifyNavigationTo_ItemsinWork
                     </div>
                     <div>
                        <b>Signature: </b>LoginToTheApplication_AndVerifyNavigationTo_ItemsinWork(java.util.Hashtable)[pri:0, instance:com.appium.pom.saraapp.LoginToTheApplication_AndVerifyNavigationTo_ItemsinWork@70c70bfd]
                     </div>
                     <div>
                        <b>Parameters: </b>
                        
                        {Password=Secret1!, Runmode=Y, UserName=SaraAppAutomation@yopmail.com}
                        
                        
                     </div>
                     <div>
                        <b>Start time: </b>16:27:20
                     </div>
                     <div>
                        <b>End time: </b>16:27:44
                     </div>
                     <div>
                        <b>Duration: </b>23s
                        
                     </div>
                  </div>
               </td>
            </tr>
            <tr>
               <td colspan="4" class="detailsBox">
                  <div id="com.appium.pom.saraapp.LoginToTheApplication_AndVerifyNavigationTo_ItemsinWork_LoginToTheApplication_AndVerifyNavigationTo_ItemsinWork_byStatus_failed_FAIL1_exception"
                       class="testMethodDetails">
                     <pre style="padding: 5px; margin: 0;">org.openqa.selenium.WebDriverException: An unknown server-side error occurred while processing the command. Original error:
                        Could not find a connected Android device. (WARNING: The server did not provide any stacktrace information)
                        Command duration or timeout: 22.60 seconds
                        Build info: version: '2.52.0', revision: '4c2593c', time: '2016-02-11 19:06:42'
                        System info: host: 'sarath-1928.local', ip: '192.168.1.243', os.name: 'Mac OS X', os.arch: 'x86_64', os.version: '10.10.5',
                        java.version: '1.7.0_71'
                        Driver info: io.appium.java_client.android.AndroidDriver
                        	at sun.reflect.NativeConstructorAccessorImpl.newInstance0(Native Method)
                        	at sun.reflect.NativeConstructorAccessorImpl.newInstance(NativeConstructorAccessorImpl.java:57)
                        	at sun.reflect.DelegatingConstructorAccessorImpl.newInstance(DelegatingConstructorAccessorImpl.java:45)
                        	at java.lang.reflect.Constructor.newInstance(Constructor.java:526)
                        	at org.openqa.selenium.remote.ErrorHandler.createThrowable(ErrorHandler.java:206)
                        	at org.openqa.selenium.remote.ErrorHandler.throwIfResponseFailed(ErrorHandler.java:158)
                        	at org.openqa.selenium.remote.RemoteWebDriver.execute(RemoteWebDriver.java:678)
                        	at io.appium.java_client.DefaultGenericMobileDriver.execute(DefaultGenericMobileDriver.java:51)
                        	at io.appium.java_client.AppiumDriver.execute(AppiumDriver.java:1)
                        	at io.appium.java_client.android.AndroidDriver.execute(AndroidDriver.java:1)
                        	at org.openqa.selenium.remote.RemoteWebDriver.startSession(RemoteWebDriver.java:249)
                        	at org.openqa.selenium.remote.RemoteWebDriver.&lt;init&gt;(RemoteWebDriver.java:131)
                        	at org.openqa.selenium.remote.RemoteWebDriver.&lt;init&gt;(RemoteWebDriver.java:144)
                        	at io.appium.java_client.DefaultGenericMobileDriver.&lt;init&gt;(DefaultGenericMobileDriver.java:47)
                        	at io.appium.java_client.AppiumDriver.&lt;init&gt;(AppiumDriver.java:114)
                        	at io.appium.java_client.AppiumDriver.&lt;init&gt;(AppiumDriver.java:132)
                        	at io.appium.java_client.android.AndroidDriver.&lt;init&gt;(AndroidDriver.java:97)
                        	at com.appium.pom.saraapp.base.BaseTest.launchApp(BaseTest.java:44)
                        	at com.appium.pom.saraapp.LoginToTheApplication_AndVerifyNavigationTo_ItemsinWork.LoginToTheApplication_AndVerifyNavigationTo_ItemsinWork(LoginToTheApplication_AndVerifyNavigationTo_ItemsinWork.java:47)
                        	at sun.reflect.NativeMethodAccessorImpl.invoke0(Native Method)
                        	at sun.reflect.NativeMethodAccessorImpl.invoke(NativeMethodAccessorImpl.java:57)
                        	at sun.reflect.DelegatingMethodAccessorImpl.invoke(DelegatingMethodAccessorImpl.java:43)
                        	at java.lang.reflect.Method.invoke(Method.java:606)
                        	at org.testng.internal.MethodInvocationHelper.invokeMethod(MethodInvocationHelper.java:85)
                        	at org.testng.internal.Invoker.invokeMethod(Invoker.java:639)
                        	at org.testng.internal.Invoker.invokeTestMethod(Invoker.java:816)
                        	at org.testng.internal.Invoker.invokeTestMethods(Invoker.java:1124)
                        	at org.testng.internal.TestMethodWorker.invokeTestMethods(TestMethodWorker.java:125)
                        	at org.testng.internal.TestMethodWorker.run(TestMethodWorker.java:108)
                        	at org.testng.TestRunner.privateRun(TestRunner.java:774)
                        	at org.testng.TestRunner.run(TestRunner.java:624)
                        	at org.testng.SuiteRunner.runTest(SuiteRunner.java:359)
                        	at org.testng.SuiteRunner.runSequentially(SuiteRunner.java:354)
                        	at org.testng.SuiteRunner.privateRun(SuiteRunner.java:312)
                        	at org.testng.SuiteRunner.run(SuiteRunner.java:261)
                        	at org.testng.SuiteRunnerWorker.runSuite(SuiteRunnerWorker.java:52)
                        	at org.testng.SuiteRunnerWorker.run(SuiteRunnerWorker.java:86)
                        	at org.testng.TestNG.runSuitesSequentially(TestNG.java:1215)
                        	at org.testng.TestNG.runSuitesLocally(TestNG.java:1140)
                        	at org.testng.TestNG.run(TestNG.java:1048)
                        	at org.testng.TestNG.privateMain(TestNG.java:1355)
                        	at org.testng.TestNG.main(TestNG.java:1324)
                     </pre>
                  </div>
               </td>
            </tr>
            <tr id="com.appium.pom.saraapp.LoginToTheApplication_AndVerifyNavigationTo_ItemsinWork_quit_byStatus_passed_PASS1_row"
                class="testMethodStatusPASS testMethodStatusCONF">
               <td width="100%" class="firstMethodCell">
                  <a onclick="toggleDetailsVisibility('com.appium.pom.saraapp.LoginToTheApplication_AndVerifyNavigationTo_ItemsinWork_quit_byStatus_passed_PASS1_details')">quit()</a>
               </td>
               <td nowrap="true">16:27:44</td>
               <td nowrap="true" align="right">319 ms
                  
               </td>
               <td nowrap="true">
                   
                  
               </td>
            </tr>
            <tr>
               <td colspan="4" class="detailsBox">
                  <div id="com.appium.pom.saraapp.LoginToTheApplication_AndVerifyNavigationTo_ItemsinWork_quit_byStatus_passed_PASS1_details"
                       class="testMethodDetails">
                     <div>
                        <b>Name: </b>quit
                     </div>
                     <div>
                        <b>Signature: </b>quit()[pri:0, instance:com.appium.pom.saraapp.LoginToTheApplication_AndVerifyNavigationTo_ItemsinWork@70c70bfd]
                     </div>
                     <div>
                        <b>Start time: </b>16:27:44
                     </div>
                     <div>
                        <b>End time: </b>16:27:44
                     </div>
                     <div>
                        <b>Duration: </b>319 ms
                        
                     </div>
                  </div>
               </td>
            </tr>
            <tr></tr>
            <tr id="com.appium.pom.saraapp.LoginToTheApplication_AndVerifyNavigationTo_ItemsinWork_quit_byStatus_passed_PASS2_row"
                class="testMethodStatusPASS testMethodStatusCONF">
               <td width="100%" class="firstMethodCell">
                  <a onclick="toggleDetailsVisibility('com.appium.pom.saraapp.LoginToTheApplication_AndVerifyNavigationTo_ItemsinWork_quit_byStatus_passed_PASS2_details')">quit()</a>
               </td>
               <td nowrap="true">16:27:44</td>
               <td nowrap="true" align="right">79 ms
                  
               </td>
               <td nowrap="true">
                   
                  
               </td>
            </tr>
            <tr>
               <td colspan="4" class="detailsBox">
                  <div id="com.appium.pom.saraapp.LoginToTheApplication_AndVerifyNavigationTo_ItemsinWork_quit_byStatus_passed_PASS2_details"
                       class="testMethodDetails">
                     <div>
                        <b>Name: </b>quit
                     </div>
                     <div>
                        <b>Signature: </b>quit()[pri:0, instance:com.appium.pom.saraapp.LoginToTheApplication_AndVerifyNavigationTo_ItemsinWork@70c70bfd]
                     </div>
                     <div>
                        <b>Start time: </b>16:27:44
                     </div>
                     <div>
                        <b>End time: </b>16:27:44
                     </div>
                     <div>
                        <b>Duration: </b>79 ms
                        
                     </div>
                  </div>
               </td>
            </tr>
            <tr></tr>
            <tr id="com.appium.pom.saraapp.LoginToTheApplication_AndVerifyNavigationTo_ItemsinWork_LoginToTheApplication_AndVerifyNavigationTo_ItemsinWork_byStatus_skiped_SKIP1_row"
                class="testMethodStatusSKIP">
               <td width="100%" class="firstMethodCell">
                  <a onclick="toggleDetailsVisibility('com.appium.pom.saraapp.LoginToTheApplication_AndVerifyNavigationTo_ItemsinWork_LoginToTheApplication_AndVerifyNavigationTo_ItemsinWork_byStatus_skiped_SKIP1_details')">LoginToTheApplication_AndVerifyNavigationTo_ItemsinWork({Password=LG, Runmode=N, UserName=Rs. 5001 - Rs. 10000})</a>
               </td>
               <td nowrap="true">16:27:44</td>
               <td nowrap="true" align="right">0 ms
                  
               </td>
               <td nowrap="true">
                  <a onclick="toggleDetailsVisibility('com.appium.pom.saraapp.LoginToTheApplication_AndVerifyNavigationTo_ItemsinWork_LoginToTheApplication_AndVerifyNavigationTo_ItemsinWork_byStatus_skiped_SKIP1_exception')">org.testng.SkipException: 
                     Skipping the test as the runmode of the test is set to No
                     
                  </a>
                   
                  
               </td>
            </tr>
            <tr>
               <td colspan="4" class="detailsBox">
                  <div id="com.appium.pom.saraapp.LoginToTheApplication_AndVerifyNavigationTo_ItemsinWork_LoginToTheApplication_AndVerifyNavigationTo_ItemsinWork_byStatus_skiped_SKIP1_details"
                       class="testMethodDetails">
                     <div>
                        <b>Name: </b>LoginToTheApplication_AndVerifyNavigationTo_ItemsinWork
                     </div>
                     <div>
                        <b>Signature: </b>LoginToTheApplication_AndVerifyNavigationTo_ItemsinWork(java.util.Hashtable)[pri:0, instance:com.appium.pom.saraapp.LoginToTheApplication_AndVerifyNavigationTo_ItemsinWork@70c70bfd]
                     </div>
                     <div>
                        <b>Parameters: </b>
                        
                        {Password=LG, Runmode=N, UserName=Rs. 5001 - Rs. 10000}
                        
                        
                     </div>
                     <div>
                        <b>Start time: </b>16:27:44
                     </div>
                     <div>
                        <b>End time: </b>16:27:44
                     </div>
                     <div>
                        <b>Duration: </b>0 ms
                        
                     </div>
                  </div>
               </td>
            </tr>
            <tr>
               <td colspan="4" class="detailsBox">
                  <div id="com.appium.pom.saraapp.LoginToTheApplication_AndVerifyNavigationTo_ItemsinWork_LoginToTheApplication_AndVerifyNavigationTo_ItemsinWork_byStatus_skiped_SKIP1_exception"
                       class="testMethodDetails">
                     <pre style="padding: 5px; margin: 0;">org.testng.SkipException: Skipping the test as the runmode of the test is set to No
                        	at com.appium.pom.saraapp.LoginToTheApplication_AndVerifyNavigationTo_ItemsinWork.LoginToTheApplication_AndVerifyNavigationTo_ItemsinWork(LoginToTheApplication_AndVerifyNavigationTo_ItemsinWork.java:45)
                        	at sun.reflect.NativeMethodAccessorImpl.invoke0(Native Method)
                        	at sun.reflect.NativeMethodAccessorImpl.invoke(NativeMethodAccessorImpl.java:57)
                        	at sun.reflect.DelegatingMethodAccessorImpl.invoke(DelegatingMethodAccessorImpl.java:43)
                        	at java.lang.reflect.Method.invoke(Method.java:606)
                        	at org.testng.internal.MethodInvocationHelper.invokeMethod(MethodInvocationHelper.java:85)
                        	at org.testng.internal.Invoker.invokeMethod(Invoker.java:639)
                        	at org.testng.internal.Invoker.invokeTestMethod(Invoker.java:816)
                        	at org.testng.internal.Invoker.invokeTestMethods(Invoker.java:1124)
                        	at org.testng.internal.TestMethodWorker.invokeTestMethods(TestMethodWorker.java:125)
                        	at org.testng.internal.TestMethodWorker.run(TestMethodWorker.java:108)
                        	at org.testng.TestRunner.privateRun(TestRunner.java:774)
                        	at org.testng.TestRunner.run(TestRunner.java:624)
                        	at org.testng.SuiteRunner.runTest(SuiteRunner.java:359)
                        	at org.testng.SuiteRunner.runSequentially(SuiteRunner.java:354)
                        	at org.testng.SuiteRunner.privateRun(SuiteRunner.java:312)
                        	at org.testng.SuiteRunner.run(SuiteRunner.java:261)
                        	at org.testng.SuiteRunnerWorker.runSuite(SuiteRunnerWorker.java:52)
                        	at org.testng.SuiteRunnerWorker.run(SuiteRunnerWorker.java:86)
                        	at org.testng.TestNG.runSuitesSequentially(TestNG.java:1215)
                        	at org.testng.TestNG.runSuitesLocally(TestNG.java:1140)
                        	at org.testng.TestNG.run(TestNG.java:1048)
                        	at org.testng.TestNG.privateMain(TestNG.java:1355)
                        	at org.testng.TestNG.main(TestNG.java:1324)
                     </pre>
                  </div>
               </td>
            </tr>
         </table>
      </div>
      <div id="testMethodsByClass" style="display: none;">
         <table class="testMethodsTable" cellpadding="0" cellspacing="0">
            <tr>
               <td colspan="4">
                  <h3 style="display: inline;">com.appium.pom.saraapp.LoginToTheApplication_AndVerifyNavigationTo_ItemsinWork</h3>
               </td>
            </tr>
            <tr class="methodsTableHeader">
               <td width="100%">Name</td>
               <td nowrap="true">Started</td>
               <td nowrap="true">Duration</td>
               <td>Exception</td>
            </tr>
            <tr id="com.appium.pom.saraapp.LoginToTheApplication_AndVerifyNavigationTo_ItemsinWork_LoginToTheApplication_AndVerifyNavigationTo_ItemsinWork_byClass_FAIL1_row"
                class="testMethodStatusFAIL">
               <td width="100%" class="firstMethodCell">
                  <a onclick="toggleDetailsVisibility('com.appium.pom.saraapp.LoginToTheApplication_AndVerifyNavigationTo_ItemsinWork_LoginToTheApplication_AndVerifyNavigationTo_ItemsinWork_byClass_FAIL1_details')">LoginToTheApplication_AndVerifyNavigationTo_ItemsinWork({Password=Secret1!, Runmode=Y, UserName=SaraAppAutomation@yopmail.com})</a>
               </td>
               <td nowrap="true">16:27:20</td>
               <td nowrap="true" align="right">23s
                  
               </td>
               <td nowrap="true">
                  <a onclick="toggleDetailsVisibility('com.appium.pom.saraapp.LoginToTheApplication_AndVerifyNavigationTo_ItemsinWork_LoginToTheApplication_AndVerifyNavigationTo_ItemsinWork_byClass_FAIL1_exception')">org.openqa.selenium.WebDriverException: 
                     An unknown server-side error occurred while processing the command. Original error: Could not find a connected Android device.
                     (WARNING: The server did not provide any stacktrace information)
                     Command duration or timeout: 22.60 seconds
                     Build info: version: '2.52.0', revision: '4c2593c', time: '2016-02-11 19:06:42'
                     System info: host: 'sarath-1928.local', ip: '192.168.1.243', os.name: 'Mac OS X', os.arch: 'x86_64', os.version: '10.10.5',
                     java.version: '1.7.0_71'
                     Driver info: io.appium.java_client.android.AndroidDriver
                     
                  </a>
                   
                  
               </td>
            </tr>
            <tr>
               <td colspan="4" class="detailsBox">
                  <div id="com.appium.pom.saraapp.LoginToTheApplication_AndVerifyNavigationTo_ItemsinWork_LoginToTheApplication_AndVerifyNavigationTo_ItemsinWork_byClass_FAIL1_details"
                       class="testMethodDetails">
                     <div>
                        <b>Name: </b>LoginToTheApplication_AndVerifyNavigationTo_ItemsinWork
                     </div>
                     <div>
                        <b>Signature: </b>LoginToTheApplication_AndVerifyNavigationTo_ItemsinWork(java.util.Hashtable)[pri:0, instance:com.appium.pom.saraapp.LoginToTheApplication_AndVerifyNavigationTo_ItemsinWork@70c70bfd]
                     </div>
                     <div>
                        <b>Parameters: </b>
                        
                        {Password=Secret1!, Runmode=Y, UserName=SaraAppAutomation@yopmail.com}
                        
                        
                     </div>
                     <div>
                        <b>Start time: </b>16:27:20
                     </div>
                     <div>
                        <b>End time: </b>16:27:44
                     </div>
                     <div>
                        <b>Duration: </b>23s
                        
                     </div>
                  </div>
               </td>
            </tr>
            <tr>
               <td colspan="4" class="detailsBox">
                  <div id="com.appium.pom.saraapp.LoginToTheApplication_AndVerifyNavigationTo_ItemsinWork_LoginToTheApplication_AndVerifyNavigationTo_ItemsinWork_byClass_FAIL1_exception"
                       class="testMethodDetails">
                     <pre style="padding: 5px; margin: 0;">org.openqa.selenium.WebDriverException: An unknown server-side error occurred while processing the command. Original error:
                        Could not find a connected Android device. (WARNING: The server did not provide any stacktrace information)
                        Command duration or timeout: 22.60 seconds
                        Build info: version: '2.52.0', revision: '4c2593c', time: '2016-02-11 19:06:42'
                        System info: host: 'sarath-1928.local', ip: '192.168.1.243', os.name: 'Mac OS X', os.arch: 'x86_64', os.version: '10.10.5',
                        java.version: '1.7.0_71'
                        Driver info: io.appium.java_client.android.AndroidDriver
                        	at sun.reflect.NativeConstructorAccessorImpl.newInstance0(Native Method)
                        	at sun.reflect.NativeConstructorAccessorImpl.newInstance(NativeConstructorAccessorImpl.java:57)
                        	at sun.reflect.DelegatingConstructorAccessorImpl.newInstance(DelegatingConstructorAccessorImpl.java:45)
                        	at java.lang.reflect.Constructor.newInstance(Constructor.java:526)
                        	at org.openqa.selenium.remote.ErrorHandler.createThrowable(ErrorHandler.java:206)
                        	at org.openqa.selenium.remote.ErrorHandler.throwIfResponseFailed(ErrorHandler.java:158)
                        	at org.openqa.selenium.remote.RemoteWebDriver.execute(RemoteWebDriver.java:678)
                        	at io.appium.java_client.DefaultGenericMobileDriver.execute(DefaultGenericMobileDriver.java:51)
                        	at io.appium.java_client.AppiumDriver.execute(AppiumDriver.java:1)
                        	at io.appium.java_client.android.AndroidDriver.execute(AndroidDriver.java:1)
                        	at org.openqa.selenium.remote.RemoteWebDriver.startSession(RemoteWebDriver.java:249)
                        	at org.openqa.selenium.remote.RemoteWebDriver.&lt;init&gt;(RemoteWebDriver.java:131)
                        	at org.openqa.selenium.remote.RemoteWebDriver.&lt;init&gt;(RemoteWebDriver.java:144)
                        	at io.appium.java_client.DefaultGenericMobileDriver.&lt;init&gt;(DefaultGenericMobileDriver.java:47)
                        	at io.appium.java_client.AppiumDriver.&lt;init&gt;(AppiumDriver.java:114)
                        	at io.appium.java_client.AppiumDriver.&lt;init&gt;(AppiumDriver.java:132)
                        	at io.appium.java_client.android.AndroidDriver.&lt;init&gt;(AndroidDriver.java:97)
                        	at com.appium.pom.saraapp.base.BaseTest.launchApp(BaseTest.java:44)
                        	at com.appium.pom.saraapp.LoginToTheApplication_AndVerifyNavigationTo_ItemsinWork.LoginToTheApplication_AndVerifyNavigationTo_ItemsinWork(LoginToTheApplication_AndVerifyNavigationTo_ItemsinWork.java:47)
                        	at sun.reflect.NativeMethodAccessorImpl.invoke0(Native Method)
                        	at sun.reflect.NativeMethodAccessorImpl.invoke(NativeMethodAccessorImpl.java:57)
                        	at sun.reflect.DelegatingMethodAccessorImpl.invoke(DelegatingMethodAccessorImpl.java:43)
                        	at java.lang.reflect.Method.invoke(Method.java:606)
                        	at org.testng.internal.MethodInvocationHelper.invokeMethod(MethodInvocationHelper.java:85)
                        	at org.testng.internal.Invoker.invokeMethod(Invoker.java:639)
                        	at org.testng.internal.Invoker.invokeTestMethod(Invoker.java:816)
                        	at org.testng.internal.Invoker.invokeTestMethods(Invoker.java:1124)
                        	at org.testng.internal.TestMethodWorker.invokeTestMethods(TestMethodWorker.java:125)
                        	at org.testng.internal.TestMethodWorker.run(TestMethodWorker.java:108)
                        	at org.testng.TestRunner.privateRun(TestRunner.java:774)
                        	at org.testng.TestRunner.run(TestRunner.java:624)
                        	at org.testng.SuiteRunner.runTest(SuiteRunner.java:359)
                        	at org.testng.SuiteRunner.runSequentially(SuiteRunner.java:354)
                        	at org.testng.SuiteRunner.privateRun(SuiteRunner.java:312)
                        	at org.testng.SuiteRunner.run(SuiteRunner.java:261)
                        	at org.testng.SuiteRunnerWorker.runSuite(SuiteRunnerWorker.java:52)
                        	at org.testng.SuiteRunnerWorker.run(SuiteRunnerWorker.java:86)
                        	at org.testng.TestNG.runSuitesSequentially(TestNG.java:1215)
                        	at org.testng.TestNG.runSuitesLocally(TestNG.java:1140)
                        	at org.testng.TestNG.run(TestNG.java:1048)
                        	at org.testng.TestNG.privateMain(TestNG.java:1355)
                        	at org.testng.TestNG.main(TestNG.java:1324)
                     </pre>
                  </div>
               </td>
            </tr>
            <tr id="com.appium.pom.saraapp.LoginToTheApplication_AndVerifyNavigationTo_ItemsinWork_quit_byClass_PASS2_row"
                class="testMethodStatusPASS testMethodStatusCONF">
               <td width="100%" class="firstMethodCell">
                  <a onclick="toggleDetailsVisibility('com.appium.pom.saraapp.LoginToTheApplication_AndVerifyNavigationTo_ItemsinWork_quit_byClass_PASS2_details')">quit()</a>
               </td>
               <td nowrap="true">16:27:44</td>
               <td nowrap="true" align="right">319 ms
                  
               </td>
               <td nowrap="true">
                   
                  
               </td>
            </tr>
            <tr>
               <td colspan="4" class="detailsBox">
                  <div id="com.appium.pom.saraapp.LoginToTheApplication_AndVerifyNavigationTo_ItemsinWork_quit_byClass_PASS2_details"
                       class="testMethodDetails">
                     <div>
                        <b>Name: </b>quit
                     </div>
                     <div>
                        <b>Signature: </b>quit()[pri:0, instance:com.appium.pom.saraapp.LoginToTheApplication_AndVerifyNavigationTo_ItemsinWork@70c70bfd]
                     </div>
                     <div>
                        <b>Start time: </b>16:27:44
                     </div>
                     <div>
                        <b>End time: </b>16:27:44
                     </div>
                     <div>
                        <b>Duration: </b>319 ms
                        
                     </div>
                  </div>
               </td>
            </tr>
            <tr></tr>
            <tr id="com.appium.pom.saraapp.LoginToTheApplication_AndVerifyNavigationTo_ItemsinWork_LoginToTheApplication_AndVerifyNavigationTo_ItemsinWork_byClass_SKIP3_row"
                class="testMethodStatusSKIP">
               <td width="100%" class="firstMethodCell">
                  <a onclick="toggleDetailsVisibility('com.appium.pom.saraapp.LoginToTheApplication_AndVerifyNavigationTo_ItemsinWork_LoginToTheApplication_AndVerifyNavigationTo_ItemsinWork_byClass_SKIP3_details')">LoginToTheApplication_AndVerifyNavigationTo_ItemsinWork({Password=LG, Runmode=N, UserName=Rs. 5001 - Rs. 10000})</a>
               </td>
               <td nowrap="true">16:27:44</td>
               <td nowrap="true" align="right">0 ms
                  
               </td>
               <td nowrap="true">
                  <a onclick="toggleDetailsVisibility('com.appium.pom.saraapp.LoginToTheApplication_AndVerifyNavigationTo_ItemsinWork_LoginToTheApplication_AndVerifyNavigationTo_ItemsinWork_byClass_SKIP3_exception')">org.testng.SkipException: 
                     Skipping the test as the runmode of the test is set to No
                     
                  </a>
                   
                  
               </td>
            </tr>
            <tr>
               <td colspan="4" class="detailsBox">
                  <div id="com.appium.pom.saraapp.LoginToTheApplication_AndVerifyNavigationTo_ItemsinWork_LoginToTheApplication_AndVerifyNavigationTo_ItemsinWork_byClass_SKIP3_details"
                       class="testMethodDetails">
                     <div>
                        <b>Name: </b>LoginToTheApplication_AndVerifyNavigationTo_ItemsinWork
                     </div>
                     <div>
                        <b>Signature: </b>LoginToTheApplication_AndVerifyNavigationTo_ItemsinWork(java.util.Hashtable)[pri:0, instance:com.appium.pom.saraapp.LoginToTheApplication_AndVerifyNavigationTo_ItemsinWork@70c70bfd]
                     </div>
                     <div>
                        <b>Parameters: </b>
                        
                        {Password=LG, Runmode=N, UserName=Rs. 5001 - Rs. 10000}
                        
                        
                     </div>
                     <div>
                        <b>Start time: </b>16:27:44
                     </div>
                     <div>
                        <b>End time: </b>16:27:44
                     </div>
                     <div>
                        <b>Duration: </b>0 ms
                        
                     </div>
                  </div>
               </td>
            </tr>
            <tr>
               <td colspan="4" class="detailsBox">
                  <div id="com.appium.pom.saraapp.LoginToTheApplication_AndVerifyNavigationTo_ItemsinWork_LoginToTheApplication_AndVerifyNavigationTo_ItemsinWork_byClass_SKIP3_exception"
                       class="testMethodDetails">
                     <pre style="padding: 5px; margin: 0;">org.testng.SkipException: Skipping the test as the runmode of the test is set to No
                        	at com.appium.pom.saraapp.LoginToTheApplication_AndVerifyNavigationTo_ItemsinWork.LoginToTheApplication_AndVerifyNavigationTo_ItemsinWork(LoginToTheApplication_AndVerifyNavigationTo_ItemsinWork.java:45)
                        	at sun.reflect.NativeMethodAccessorImpl.invoke0(Native Method)
                        	at sun.reflect.NativeMethodAccessorImpl.invoke(NativeMethodAccessorImpl.java:57)
                        	at sun.reflect.DelegatingMethodAccessorImpl.invoke(DelegatingMethodAccessorImpl.java:43)
                        	at java.lang.reflect.Method.invoke(Method.java:606)
                        	at org.testng.internal.MethodInvocationHelper.invokeMethod(MethodInvocationHelper.java:85)
                        	at org.testng.internal.Invoker.invokeMethod(Invoker.java:639)
                        	at org.testng.internal.Invoker.invokeTestMethod(Invoker.java:816)
                        	at org.testng.internal.Invoker.invokeTestMethods(Invoker.java:1124)
                        	at org.testng.internal.TestMethodWorker.invokeTestMethods(TestMethodWorker.java:125)
                        	at org.testng.internal.TestMethodWorker.run(TestMethodWorker.java:108)
                        	at org.testng.TestRunner.privateRun(TestRunner.java:774)
                        	at org.testng.TestRunner.run(TestRunner.java:624)
                        	at org.testng.SuiteRunner.runTest(SuiteRunner.java:359)
                        	at org.testng.SuiteRunner.runSequentially(SuiteRunner.java:354)
                        	at org.testng.SuiteRunner.privateRun(SuiteRunner.java:312)
                        	at org.testng.SuiteRunner.run(SuiteRunner.java:261)
                        	at org.testng.SuiteRunnerWorker.runSuite(SuiteRunnerWorker.java:52)
                        	at org.testng.SuiteRunnerWorker.run(SuiteRunnerWorker.java:86)
                        	at org.testng.TestNG.runSuitesSequentially(TestNG.java:1215)
                        	at org.testng.TestNG.runSuitesLocally(TestNG.java:1140)
                        	at org.testng.TestNG.run(TestNG.java:1048)
                        	at org.testng.TestNG.privateMain(TestNG.java:1355)
                        	at org.testng.TestNG.main(TestNG.java:1324)
                     </pre>
                  </div>
               </td>
            </tr>
            <tr id="com.appium.pom.saraapp.LoginToTheApplication_AndVerifyNavigationTo_ItemsinWork_quit_byClass_PASS4_row"
                class="testMethodStatusPASS testMethodStatusCONF">
               <td width="100%" class="firstMethodCell">
                  <a onclick="toggleDetailsVisibility('com.appium.pom.saraapp.LoginToTheApplication_AndVerifyNavigationTo_ItemsinWork_quit_byClass_PASS4_details')">quit()</a>
               </td>
               <td nowrap="true">16:27:44</td>
               <td nowrap="true" align="right">79 ms
                  
               </td>
               <td nowrap="true">
                   
                  
               </td>
            </tr>
            <tr>
               <td colspan="4" class="detailsBox">
                  <div id="com.appium.pom.saraapp.LoginToTheApplication_AndVerifyNavigationTo_ItemsinWork_quit_byClass_PASS4_details"
                       class="testMethodDetails">
                     <div>
                        <b>Name: </b>quit
                     </div>
                     <div>
                        <b>Signature: </b>quit()[pri:0, instance:com.appium.pom.saraapp.LoginToTheApplication_AndVerifyNavigationTo_ItemsinWork@70c70bfd]
                     </div>
                     <div>
                        <b>Start time: </b>16:27:44
                     </div>
                     <div>
                        <b>End time: </b>16:27:44
                     </div>
                     <div>
                        <b>Duration: </b>79 ms
                        
                     </div>
                  </div>
               </td>
            </tr>
            <tr></tr>
         </table>
         <br></br>
      </div>
      <div style="margin-top: 15px; color: gray; text-align: center; font-size: 9px;">
         Generated with
         
         <a href="http://code.google.com/p/testng-xslt/" style="color: #8888aa;"
            target="_blank">
            TestNG XSLT
            
         </a>
      </div>
   </body>
</html>