<?xml version="1.0" encoding="UTF-8"?>
<!-- Generated by org.testng.reporters.JUnitXMLReporter -->
<testsuite hostname="sarath-1928.local" name="CheckForTheRespectiveButtonsandEnable_DisaleState_ItemsinWork" tests="1" failures="0" timestamp="20 Dec 2016 10:57:44 GMT" time="0.07" errors="0">
  <testcase name="RecouncilationOfDamagedStamp" time="0.001" classname="com.appium.pom.saraapp.CheckForTheRespectiveButtonsandEnable_DisaleState_ItemsinWork"/>
</testsuite> <!-- CheckForTheRespectiveButtonsandEnable_DisaleState_ItemsinWork -->
