<?xml version="1.0" encoding="UTF-8"?>
<testng-results skipped="0" failed="0" total="0" passed="0">
  <reporter-output>
  </reporter-output>
  <suite name="com.appium.pom.saraapp.base.BaseTest" duration-ms="2" started-at="2016-12-18T13:36:20Z" finished-at="2016-12-18T13:36:20Z">
    <groups>
    </groups>
    <test name="Command line test" duration-ms="2" started-at="2016-12-18T13:36:20Z" finished-at="2016-12-18T13:36:20Z">
    </test> <!-- Command line test -->
  </suite> <!-- com.appium.pom.saraapp.base.BaseTest -->
</testng-results>
